{"level":"info","message":"request GET /education called","timestamp":"2017-10-03T11:52:30.789Z"}
{"level":"info","message":"request GET /hobby called","timestamp":"2017-10-03T11:52:32.153Z"}
{"level":"info","message":"request GET /porfessional_experience called","timestamp":"2017-10-03T11:52:35.380Z"}
{"level":"info","message":"request POST /update called","timestamp":"2017-10-03T11:52:47.405Z"}
{"level":"info","message":"request GET /porfessional_experience called","timestamp":"2017-10-03T11:52:47.577Z"}
{"level":"info","message":"request GET /porfessional_experience called","timestamp":"2017-10-03T13:07:22.800Z"}
{"level":"info","message":"request GET /porfessional_experience called","timestamp":"2017-10-03T13:18:48.787Z"}
{"level":"info","message":"request GET /porfessional_experience called","timestamp":"2017-10-03T13:19:14.403Z"}
{"level":"info","message":"request GET /porfessional_experience called","timestamp":"2017-10-03T13:19:31.177Z"}
{"level":"info","message":"request GET /porfessional_experience called","timestamp":"2017-10-03T13:21:52.368Z"}
{"level":"info","message":"request GET /porfessional_experience called","timestamp":"2017-10-03T13:22:40.836Z"}
{"level":"info","message":"request POST /new called","timestamp":"2017-10-03T13:29:31.484Z"}
{"level":"info","message":"request POST /new called","timestamp":"2017-10-03T16:49:20.870Z"}
{"level":"info","message":"request GET /porfessional_experience called","timestamp":"2017-10-03T16:51:31.458Z"}
{"level":"info","message":"request POST /update called","timestamp":"2017-10-03T16:51:47.439Z"}
{"level":"info","message":"request GET /porfessional_experience called","timestamp":"2017-10-03T16:51:47.591Z"}
{"level":"info","message":"request POST /new called","timestamp":"2017-10-03T16:52:52.410Z"}
{"level":"info","message":"request POST /new called","timestamp":"2017-10-03T16:55:19.322Z"}
{"level":"info","message":"request POST /new called","timestamp":"2017-10-03T17:06:04.603Z"}
{"level":"info","message":"request POST /new called","timestamp":"2017-10-03T17:11:22.855Z"}
{"level":"info","message":"request POST /new called","timestamp":"2017-10-03T17:18:47.563Z"}
{"level":"info","message":"request POST /new called","timestamp":"2017-10-03T17:21:08.379Z"}
{"level":"info","message":"request POST /new called","timestamp":"2017-10-03T17:22:13.398Z"}
{"level":"info","message":"request POST /new called","timestamp":"2017-10-03T17:25:41.209Z"}
{"level":"info","message":"request POST /new called","timestamp":"2017-10-03T17:29:10.046Z"}
{"level":"info","message":"request POST /new called","timestamp":"2017-10-03T17:32:50.537Z"}
{"level":"info","message":"request POST /new called","timestamp":"2017-10-03T17:34:12.429Z"}
{"level":"info","message":"request POST /new called","timestamp":"2017-10-03T17:37:06.483Z"}
{"level":"info","message":"request POST /new called","timestamp":"2017-10-03T17:38:15.445Z"}
{"level":"info","message":"request POST /new called","timestamp":"2017-10-03T17:40:24.542Z"}
{"level":"info","message":"request POST /new called","timestamp":"2017-10-03T17:41:48.785Z"}
{"level":"info","message":"request POST /new called","timestamp":"2017-10-03T17:51:21.128Z"}
{"level":"info","message":"request GET /education called","timestamp":"2017-10-03T17:52:14.917Z"}
{"level":"info","message":"request GET /porfessional_experience called","timestamp":"2017-10-03T17:52:17.225Z"}
{"level":"info","message":"request GET /hobby called","timestamp":"2017-10-03T17:52:18.539Z"}
{"level":"info","message":"request GET /porfessional_experience called","timestamp":"2017-10-03T17:52:25.819Z"}
{"level":"info","message":"request GET /porfessional_experience called","timestamp":"2017-10-03T18:00:55.814Z"}
{"level":"info","message":"request GET /porfessional_experience called","timestamp":"2017-10-03T18:03:26.689Z"}
{"level":"info","message":"request GET /porfessional_experience called","timestamp":"2017-10-03T18:05:09.388Z"}
{"level":"info","message":"request GET /porfessional_experience called","timestamp":"2017-10-03T18:30:59.311Z"}
{"level":"info","message":"request GET /porfessional_experience called","timestamp":"2017-10-03T18:34:43.161Z"}
{"level":"info","message":"request GET /porfessional_experience called","timestamp":"2017-10-03T18:36:30.753Z"}
{"level":"info","message":"request GET /porfessional_experience called","timestamp":"2017-10-03T18:37:15.457Z"}
{"level":"info","message":"request GET /porfessional_experience called","timestamp":"2017-10-03T18:37:35.487Z"}
{"level":"info","message":"request GET /porfessional_experience called","timestamp":"2017-10-03T18:38:10.001Z"}
{"level":"info","message":"request GET /porfessional_experience called","timestamp":"2017-10-03T18:38:41.161Z"}
{"level":"info","message":"request GET /porfessional_experience called","timestamp":"2017-10-03T18:38:50.938Z"}
{"level":"info","message":"request GET /education called","timestamp":"2017-10-03T18:40:10.317Z"}
{"level":"info","message":"request GET /hobby called","timestamp":"2017-10-03T18:40:11.184Z"}
{"level":"info","message":"request GET /porfessional_experience called","timestamp":"2017-10-03T18:40:13.494Z"}
{"level":"info","message":"request GET /education called","timestamp":"2017-10-03T18:53:51.603Z"}
{"level":"info","message":"request GET /hobby called","timestamp":"2017-10-03T18:53:52.740Z"}
{"level":"info","message":"request GET /item called","timestamp":"2017-10-03T18:53:57.708Z"}
{"level":"info","message":"request POST /update called","timestamp":"2017-10-03T18:54:33.997Z"}
{"level":"info","message":"request GET /hobby called","timestamp":"2017-10-03T18:54:34.196Z"}
{"level":"info","message":"request GET /porfessional_experience called","timestamp":"2017-10-03T18:54:50.575Z"}
